01-Sep-22 17:44:44 - __main__ - INFO - No file exists yet
01-Sep-22 17:44:44 - __main__ - INFO - Creating initial file
01-Sep-22 18:05:35 - __main__ - INFO - No file exists yet
01-Sep-22 18:05:35 - __main__ - INFO - Creating initial file
01-Sep-22 18:06:10 - __main__ - INFO - No file exists yet
01-Sep-22 18:06:10 - __main__ - INFO - Creating initial file
01-Sep-22 18:07:27 - __main__ - INFO - No file exists yet
01-Sep-22 18:07:27 - __main__ - INFO - Creating initial file
01-Sep-22 18:13:26 - __main__ - INFO - No file exists yet
01-Sep-22 18:13:26 - __main__ - INFO - Creating initial file
01-Sep-22 18:13:52 - __main__ - INFO - No file exists yet
01-Sep-22 18:13:52 - __main__ - INFO - Creating initial file
01-Sep-22 18:18:55 - __main__ - INFO - No file exists yet
01-Sep-22 18:18:55 - __main__ - INFO - Creating initial file
01-Sep-22 18:19:08 - __main__ - INFO - No file exists yet
01-Sep-22 18:19:08 - __main__ - INFO - Creating initial file
01-Sep-22 18:26:17 - __main__ - INFO - No file exists yet
01-Sep-22 18:26:17 - __main__ - INFO - Creating initial file
01-Sep-22 18:26:21 - __main__ - INFO - No file exists yet
01-Sep-22 18:26:21 - __main__ - INFO - Creating initial file
01-Sep-22 18:26:55 - __main__ - INFO - No file exists yet
01-Sep-22 18:26:55 - __main__ - INFO - Creating initial file
01-Sep-22 18:27:20 - __main__ - INFO - No file exists yet
01-Sep-22 18:27:20 - __main__ - INFO - Creating initial file
01-Sep-22 18:27:27 - __main__ - INFO - No file exists yet
01-Sep-22 18:27:27 - __main__ - INFO - Creating initial file
01-Sep-22 18:27:53 - __main__ - INFO - No file exists yet
01-Sep-22 18:27:53 - __main__ - INFO - Creating initial file
01-Sep-22 18:28:41 - __main__ - INFO - No file exists yet
01-Sep-22 18:28:41 - __main__ - INFO - Creating initial file
01-Sep-22 18:36:58 - __main__ - INFO - No file exists yet
01-Sep-22 18:36:58 - __main__ - INFO - Creating initial file
01-Sep-22 18:38:52 - __main__ - INFO - No file exists yet
01-Sep-22 18:38:52 - __main__ - INFO - Creating initial file
01-Sep-22 18:40:21 - __main__ - INFO - No file exists yet
01-Sep-22 18:40:21 - __main__ - INFO - Creating initial file
01-Sep-22 18:40:49 - __main__ - INFO - No file exists yet
01-Sep-22 18:40:49 - __main__ - INFO - Creating initial file
01-Sep-22 18:41:27 - __main__ - INFO - No file exists yet
01-Sep-22 18:41:27 - __main__ - INFO - Creating initial file
01-Sep-22 18:41:49 - __main__ - INFO - No file exists yet
01-Sep-22 18:41:49 - __main__ - INFO - Creating initial file
01-Sep-22 18:42:01 - __main__ - INFO - No file exists yet
01-Sep-22 18:42:01 - __main__ - INFO - Creating initial file
01-Sep-22 18:42:08 - __main__ - INFO - No file exists yet
01-Sep-22 18:42:08 - __main__ - INFO - Creating initial file
01-Sep-22 18:47:55 - __main__ - INFO - No file exists yet
01-Sep-22 18:47:55 - __main__ - INFO - Creating initial file
01-Sep-22 18:53:09 - __main__ - INFO - No file exists yet
01-Sep-22 18:53:09 - __main__ - INFO - Creating initial file
01-Sep-22 18:53:43 - __main__ - INFO - No file exists yet
01-Sep-22 18:53:43 - __main__ - INFO - Creating initial file
01-Sep-22 18:53:58 - __main__ - INFO - No file exists yet
01-Sep-22 18:53:58 - __main__ - INFO - Creating initial file
01-Sep-22 18:56:29 - __main__ - INFO - File exists!
01-Sep-22 18:56:34 - __main__ - INFO - No file exists yet
01-Sep-22 18:56:34 - __main__ - INFO - Creating initial file
01-Sep-22 19:03:36 - __main__ - INFO - No file exists yet
01-Sep-22 19:03:36 - __main__ - INFO - Creating initial file
01-Sep-22 19:04:27 - __main__ - INFO - No file exists yet
01-Sep-22 19:05:10 - __main__ - INFO - No file exists yet
01-Sep-22 19:05:10 - __main__ - INFO - Creating initial file
01-Sep-22 19:05:29 - __main__ - INFO - No file exists yet
01-Sep-22 19:05:29 - __main__ - INFO - Creating initial file
01-Sep-22 19:13:40 - __main__ - INFO - File exists!
01-Sep-22 19:13:45 - __main__ - INFO - No file exists yet
01-Sep-22 19:13:45 - __main__ - INFO - Creating initial file
01-Sep-22 19:14:22 - __main__ - INFO - File exists!
01-Sep-22 19:14:28 - __main__ - INFO - No file exists yet
01-Sep-22 19:14:28 - __main__ - INFO - Creating initial file
01-Sep-22 19:22:02 - __main__ - INFO - No file exists yet
01-Sep-22 19:22:02 - __main__ - INFO - Creating initial file
01-Sep-22 19:23:00 - __main__ - INFO - No file exists yet
01-Sep-22 19:23:00 - __main__ - INFO - Creating initial file
01-Sep-22 19:23:14 - __main__ - INFO - No file exists yet
01-Sep-22 19:23:14 - __main__ - INFO - Creating initial file
01-Sep-22 19:23:45 - __main__ - INFO - No file exists yet
01-Sep-22 19:23:45 - __main__ - INFO - Creating initial file
01-Sep-22 19:23:58 - __main__ - INFO - No file exists yet
01-Sep-22 19:23:58 - __main__ - INFO - Creating initial file
01-Sep-22 19:24:05 - __main__ - INFO - No file exists yet
01-Sep-22 19:24:05 - __main__ - INFO - Creating initial file
05-Sep-22 13:29:05 - __main__ - INFO - File exists!
05-Sep-22 13:29:17 - __main__ - INFO - No file exists yet
05-Sep-22 13:29:17 - __main__ - INFO - Creating initial file
05-Sep-22 13:29:37 - __main__ - INFO - File exists!
05-Sep-22 13:29:43 - __main__ - INFO - No file exists yet
05-Sep-22 13:29:43 - __main__ - INFO - Creating initial file
05-Sep-22 13:31:06 - __main__ - INFO - File exists!
05-Sep-22 13:31:14 - __main__ - INFO - No file exists yet
05-Sep-22 13:31:14 - __main__ - INFO - Creating initial file
05-Sep-22 13:42:38 - __main__ - INFO - Scrape Initialized
05-Sep-22 13:42:41 - __main__ - INFO - The scrape has completed
05-Sep-22 13:43:19 - __main__ - INFO - File exists!
05-Sep-22 13:43:27 - __main__ - INFO - No file exists yet
05-Sep-22 13:43:27 - __main__ - INFO - Creating initial file
