05-Oct-22 15:38:38 - __main__ - INFO - Scrape Initialized
05-Oct-22 15:38:40 - spreadsheet_editor - INFO - File exists!
05-Oct-22 15:38:40 - spreadsheet_editor - INFO - Appending data to file
05-Oct-22 16:11:05 - __main__ - INFO - Scrape Initialized
05-Oct-22 16:11:08 - spreadsheet_editor - INFO - No file exists yet
05-Oct-22 16:11:08 - spreadsheet_editor - INFO - Creating file and writing data to it
05-Oct-22 16:11:09 - __main__ - INFO - The scrape has completed
05-Oct-22 16:11:18 - __main__ - INFO - Scrape Initialized
05-Oct-22 16:11:20 - spreadsheet_editor - INFO - File exists!
05-Oct-22 16:11:20 - spreadsheet_editor - INFO - Appending data to file
05-Oct-22 16:11:21 - __main__ - INFO - The scrape has completed
05-Oct-22 16:12:18 - __main__ - INFO - Scrape Initialized
05-Oct-22 16:12:20 - spreadsheet_editor - INFO - File exists!
05-Oct-22 16:12:20 - spreadsheet_editor - INFO - Appending data to file
05-Oct-22 16:12:21 - __main__ - INFO - The scrape has completed
06-Oct-22 15:40:51 - __main__ - INFO - Scrape Initialized
06-Oct-22 15:40:53 - spreadsheet_editor - INFO - File exists!
06-Oct-22 15:40:53 - spreadsheet_editor - INFO - Appending data to file
06-Oct-22 15:40:55 - __main__ - INFO - The scrape has completed
06-Oct-22 15:41:22 - __main__ - INFO - Scrape Initialized
06-Oct-22 15:41:24 - spreadsheet_editor - INFO - File exists!
06-Oct-22 15:41:24 - spreadsheet_editor - INFO - Appending data to file
06-Oct-22 15:41:25 - __main__ - INFO - The scrape has completed
06-Oct-22 15:51:05 - __main__ - INFO - Scrape Initialized
06-Oct-22 15:51:08 - spreadsheet_editor - INFO - File exists!
06-Oct-22 15:51:08 - spreadsheet_editor - INFO - Appending data to file
06-Oct-22 15:51:09 - __main__ - INFO - The scrape has completed
06-Oct-22 15:51:21 - __main__ - INFO - Scrape Initialized
06-Oct-22 15:51:24 - spreadsheet_editor - INFO - File exists!
06-Oct-22 15:51:24 - spreadsheet_editor - INFO - Appending data to file
06-Oct-22 15:51:25 - __main__ - INFO - The scrape has completed
06-Oct-22 17:05:44 - __main__ - INFO - Scrape Initialized
06-Oct-22 17:06:30 - __main__ - INFO - Scrape Initialized
06-Oct-22 17:06:33 - spreadsheet_editor - INFO - File exists!
06-Oct-22 17:06:33 - spreadsheet_editor - INFO - Appending data to file
06-Oct-22 17:06:34 - __main__ - INFO - The scrape has completed
